<?xml version="1.0" encoding="UTF-8"?>
<!-- Generated by org.testng.reporters.JUnitReportReporter -->
<testsuite hostname="LAPTOP-49GARL5Q" failures="0" tests="1" name="com.selenium.steam_2fa.test.SteamLoginTest" time="19.600" errors="0" timestamp="2023-02-09T22:52:35 IST" skipped="0">
  <testcase classname="com.selenium.steam_2fa.test.SteamLoginTest" name="test" time="19.600"/>
  <system-out/>
</testsuite> <!-- com.selenium.steam_2fa.test.SteamLoginTest -->
